<?xml version="1.0" encoding="UTF-8"?>
<!-- Generated by org.testng.reporters.JUnitReportReporter -->
<testsuite skipped="0" hostname="NMODUKUR-IN" name="Test.SampleTest" tests="1" failures="0" timestamp="22 May 2019 16:48:39 GMT" time="0.012" errors="0">
  <testcase name="printg" time="0.012" classname="Test.SampleTest"/>
</testsuite> <!-- Test.SampleTest -->
